<?xml version="1.0" encoding="UTF-8"?>
<testsuite name="com.nomad.accounting_analysis.AccountingAnalysisApplicationTests" tests="1" skipped="0" failures="0" errors="0" timestamp="2024-12-07T19:39:41" hostname="juniorsmartins-XPS-9320" time="0.422">
  <properties/>
  <testcase name="contextLoads()" classname="com.nomad.accounting_analysis.AccountingAnalysisApplicationTests" time="0.422"/>
  <system-out><![CDATA[15:39:40.538 [Test worker] INFO org.springframework.test.context.support.AnnotationConfigContextLoaderUtils -- Could not detect default configuration classes for test class [com.nomad.accounting_analysis.AccountingAnalysisApplicationTests]: AccountingAnalysisApplicationTests does not declare any static, non-private, non-final, nested classes annotated with @Configuration.
15:39:40.589 [Test worker] INFO org.springframework.boot.test.context.SpringBootTestContextBootstrapper -- Found @SpringBootConfiguration com.nomad.accounting_analysis.AccountingAnalysisApplication for test class com.nomad.accounting_analysis.AccountingAnalysisApplicationTests

  .   ____          _            __ _ _
 /\\ / ___'_ __ _ _(_)_ __  __ _ \ \ \ \
( ( )\___ | '_ | '_| | '_ \/ _` | \ \ \ \
 \\/  ___)| |_)| | | | | || (_| |  ) ) ) )
  '  |____| .__|_| |_|_| |_\__, | / / / /
 =========|_|==============|___/=/_/_/_/

 :: Spring Boot ::                (v3.4.0)

2024-12-07T15:39:40.796-04:00  INFO 141358 --- [accounting_analysis] [    Test worker] c.n.a.AccountingAnalysisApplicationTests : Starting AccountingAnalysisApplicationTests using Java 21.0.3 with PID 141358 (started by juniorsmartins in /home/juniorsmartins/workspace/nomad/accounting_analysis)
2024-12-07T15:39:40.797-04:00  INFO 141358 --- [accounting_analysis] [    Test worker] c.n.a.AccountingAnalysisApplicationTests : No active profile set, falling back to 1 default profile: "default"
2024-12-07T15:39:41.737-04:00  INFO 141358 --- [accounting_analysis] [    Test worker] c.n.a.AccountingAnalysisApplicationTests : Started AccountingAnalysisApplicationTests in 1.082 seconds (process running for 1.587)
]]></system-out>
  <system-err><![CDATA[Mockito is currently self-attaching to enable the inline-mock-maker. This will no longer work in future releases of the JDK. Please add Mockito as an agent to your build what is described in Mockito's documentation: https://javadoc.io/doc/org.mockito/mockito-core/latest/org/mockito/Mockito.html#0.3
WARNING: A Java agent has been loaded dynamically (/home/juniorsmartins/.gradle/caches/modules-2/files-2.1/net.bytebuddy/byte-buddy-agent/1.15.10/e8eb255b2c378b9a6c7341e7b0e12f0a5636377/byte-buddy-agent-1.15.10.jar)
WARNING: If a serviceability tool is in use, please run with -XX:+EnableDynamicAgentLoading to hide this warning
WARNING: If a serviceability tool is not in use, please run with -Djdk.instrument.traceUsage for more information
WARNING: Dynamic loading of agents will be disallowed by default in a future release
]]></system-err>
</testsuite>
